<?xml version="1.0" encoding="UTF-8"?>
<testsuite xmlns:xsi="http://www.w3.org/2001/XMLSchema-instance" xsi:noNamespaceSchemaLocation="https://maven.apache.org/surefire/maven-surefire-plugin/xsd/surefire-test-report-3.0.xsd" version="3.0" name="runner.Runner" time="198.157" tests="5" errors="0" skipped="0" failures="0">
  <properties>
[...]
</properties>
  <testcase name="Verify Customer Login functionality happy path" classname="Verify Customer Login functionality" time="32.704">
    <system-out><![CDATA[
@smoke
Scenario Outline: Verify Customer Login functionality happy path &amp#27;[90m# src/test/resources/features/customer/Feature_CustomerLoginFunctionality.feature:15&amp#27;[0m
before run
  &amp#27;[32mGiven &amp#27;[0m&amp#27;[32mI am in landing page http://it.microtechlimited.com&amp#27;[0m      &amp#27;[90m# step_definitions.customer.StepDefs_CustomerLoginFunctionality.i_am_in_landing_page_http_it_microtechlimited_com()&amp#27;[0m
login menu
  &amp#27;[32mWhen &amp#27;[0m&amp#27;[32mI Click on Login menu&amp#27;[0m                                     &amp#27;[90m# step_definitions.customer.StepDefs_CustomerLoginFunctionality.i_Click_on_Login_menu()&amp#27;[0m
  &amp#27;[32mAnd &amp#27;[0m&amp#27;[32mClick on Customer Login&amp#27;[0m                                    &amp#27;[90m# step_definitions.customer.StepDefs_CustomerLoginFunctionality.click_on_Customer_Login()&amp#27;[0m
  &amp#27;[32mThen &amp#27;[0m&amp#27;[32mEnter User Id as &amp#27;[0m&amp#27;[32m&amp#27;[1m"david@gmail.com"&amp#27;[0m                        &amp#27;[90m# step_definitions.customer.StepDefs_CustomerLoginFunctionality.enter_User_Id_as(java.lang.String)&amp#27;[0m
  &amp#27;[32mAnd &amp#27;[0m&amp#27;[32mI Enter Password as &amp#27;[0m&amp#27;[32m&amp#27;[1m"1234"&amp#27;[0m                                 &amp#27;[90m# step_definitions.customer.StepDefs_CustomerLoginFunctionality.i_Enter_Password_as(java.lang.String)&amp#27;[0m
  &amp#27;[32mAnd &amp#27;[0m&amp#27;[32mI Click on Login Button&amp#27;[0m                                    &amp#27;[90m# step_definitions.customer.StepDefs_CustomerLoginFunctionality.i_Click_on_Login_Button()&amp#27;[0m
Code is Done
Created new branch
  &amp#27;[32mThen &amp#27;[0m&amp#27;[32mVerify that I am in CUSTOMER Home Page&amp#27;[0m                    &amp#27;[90m# step_definitions.customer.StepDefs_CustomerLoginFunctionality.verify_that_I_am_in_CUSTOMER_Home_Page()&amp#27;[0m
after run
]]></system-out>
    <system-err><![CDATA[Oct 04, 2023 4:00:38 AM org.openqa.selenium.remote.tracing.opentelemetry.OpenTelemetryTracer createTracer
INFO: Using OpenTelemetry for tracing
SLF4J: No SLF4J providers were found.
SLF4J: Defaulting to no-operation (NOP) logger implementation
SLF4J: See https://www.slf4j.org/codes.html#noProviders for further details.
Oct 04, 2023 4:00:44 AM org.openqa.selenium.remote.ProtocolHandshake createSession
INFO: Detected dialect: W3C
]]></system-err>
  </testcase>
  <testcase name="Verify MicrotechNa Home Page" classname="MicrotechNa Home Page Verification" time="21.651">
    <system-out><![CDATA[
@smoke
Scenario: Verify MicrotechNa Home Page                      &amp#27;[90m# src/test/resources/features/customer/Feature_Customer_HomePage_Verification.feature:6&amp#27;[0m
before run
  &amp#27;[32mGiven &amp#27;[0m&amp#27;[32mI am in landing page http://it.microtechlimited.com&amp#27;[0m &amp#27;[90m# step_definitions.customer.StepDefs_CustomerLoginFunctionality.i_am_in_landing_page_http_it_microtechlimited_com()&amp#27;[0m
Logo verificatin passed
  &amp#27;[32mThen &amp#27;[0m&amp#27;[32mI verify MicrotechNa logo&amp#27;[0m                            &amp#27;[90m# step_definitions.customer.StepDefs_MicrotechNa_HomePage_Verification.i_verify_MicrotechNa_logo()&amp#27;[0m
Welcome message passed
  &amp#27;[32mAnd &amp#27;[0m&amp#27;[32mI also verify welcome message&amp#27;[0m                         &amp#27;[90m# step_definitions.customer.StepDefs_MicrotechNa_HomePage_Verification.i_also_verify_welcome_message()&amp#27;[0m
after run
]]></system-out>
    <system-err><![CDATA[Oct 04, 2023 4:01:24 AM org.openqa.selenium.remote.ProtocolHandshake createSession
INFO: Detected dialect: W3C
Cleaning up unclosed ZipFile for archive C:\GitHub\myRepository01\src\test\resources\testData\loginData.xlsx
]]></system-err>
  </testcase>
  <testcase name="Customer Order total count Test" classname="Customer Order #1" time="63.763">
    <system-out><![CDATA[
@smoke
Scenario: Customer Order total count Test          &amp#27;[90m# src/test/resources/features/customer/Feaure_CustomerOrder.feature:11&amp#27;[0m
before run
  &amp#27;[32mGiven &amp#27;[0m&amp#27;[32mI logged in as Customer&amp#27;[0m                    &amp#27;[90m# step_definitions.customer.StepDefs_CustomerOrder.i_logged_in_as_Customer_with_and(io.cucumber.datatable.DataTable)&amp#27;[0m
  &amp#27;[32mWhen &amp#27;[0m&amp#27;[32mClick on Order List Menu&amp#27;[0m                    &amp#27;[90m# step_definitions.customer.StepDefs_CustomerOrder.click_on_Order_List_Menu()&amp#27;[0m
  &amp#27;[32mAnd &amp#27;[0m&amp#27;[32mVerify Total Order count is greater than &amp#27;[0m&amp#27;[32m&amp#27;[1m100&amp#27;[0m &amp#27;[90m# step_definitions.customer.StepDefs_CustomerOrder.verify_Total_Order_count_is_greater_than(java.lang.Integer)&amp#27;[0m
after run
]]></system-out>
    <system-err><![CDATA[Oct 04, 2023 4:01:44 AM org.openqa.selenium.remote.ProtocolHandshake createSession
INFO: Detected dialect: W3C
]]></system-err>
  </testcase>
  <testcase name="" classname="Employee Login Functionality" time="23.229">
    <system-out><![CDATA[
@smoke
Scenario Outline:                                           &amp#27;[90m# src/test/resources/features/employee/Feature_EmployeeLoginFunctionality.feature:16&amp#27;[0m
before run
  &amp#27;[32mGiven &amp#27;[0m&amp#27;[32mI am in landing page http://it.microtechlimited.com&amp#27;[0m &amp#27;[90m# step_definitions.customer.StepDefs_CustomerLoginFunctionality.i_am_in_landing_page_http_it_microtechlimited_com()&amp#27;[0m
login menu
  &amp#27;[32mWhen &amp#27;[0m&amp#27;[32mI Click on Login menu&amp#27;[0m                                &amp#27;[90m# step_definitions.customer.StepDefs_CustomerLoginFunctionality.i_Click_on_Login_menu()&amp#27;[0m
  &amp#27;[32mAnd &amp#27;[0m&amp#27;[32mI Click in Customer Login Menu&amp#27;[0m                        &amp#27;[90m# step_definitions.employee.StepDefs_Employee_Login_Functionality.i_Click_in_Customer_Login_Menu()&amp#27;[0m
  &amp#27;[32mThen &amp#27;[0m&amp#27;[32mI enter employee user id as &amp#27;[0m&amp#27;[32m&amp#27;[1m"testpilot@gmail.com"&amp#27;[0m    &amp#27;[90m# step_definitions.employee.StepDefs_Employee_Login_Functionality.i_enter_employee_user_id_as(java.lang.String)&amp#27;[0m
  &amp#27;[32mAnd &amp#27;[0m&amp#27;[32mI enter employee password as &amp#27;[0m&amp#27;[32m&amp#27;[1m"1234"&amp#27;[0m                   &amp#27;[90m# step_definitions.employee.StepDefs_Employee_Login_Functionality.i_enter_employee_password_as(java.lang.String)&amp#27;[0m
  &amp#27;[32mThen &amp#27;[0m&amp#27;[32mI Click on Login Button&amp#27;[0m                              &amp#27;[90m# step_definitions.customer.StepDefs_CustomerLoginFunctionality.i_Click_on_Login_Button()&amp#27;[0m
Employee login page verification passed
  &amp#27;[32mAnd &amp#27;[0m&amp#27;[32mI verify I am in employee home page&amp#27;[0m                   &amp#27;[90m# step_definitions.employee.StepDefs_Employee_Login_Functionality.i_verify_I_am_in_employee_home_page()&amp#27;[0m
after run
]]></system-out>
    <system-err><![CDATA[Oct 04, 2023 4:02:42 AM org.openqa.selenium.remote.ProtocolHandshake createSession
INFO: Detected dialect: W3C
]]></system-err>
  </testcase>
  <testcase name="Create Order by Customer" classname="Customer Order #2" time="55.297">
    <system-out><![CDATA[
@smoke
Scenario: Create Order by Customer      &amp#27;[90m# src/test/resources/features/order/Feature_CreateOrder.feature:6&amp#27;[0m
before run
  &amp#27;[32mGiven &amp#27;[0m&amp#27;[32mI logged in as Customer&amp#27;[0m         &amp#27;[90m# step_definitions.customer.StepDefs_CustomerOrder.i_logged_in_as_Customer_with_and(io.cucumber.datatable.DataTable)&amp#27;[0m
  &amp#27;[32mThen &amp#27;[0m&amp#27;[32mI click on Order Product menu&amp#27;[0m    &amp#27;[90m# step_definitions.orders.StepDefs_CreateOrder.i_click_on_Order_Product_menu()&amp#27;[0m
  &amp#27;[32mThen &amp#27;[0m&amp#27;[32mSelect Product name&amp#27;[0m              &amp#27;[90m# step_definitions.orders.StepDefs_CreateOrder.select_Product_name()&amp#27;[0m
  &amp#27;[32mAnd &amp#27;[0m&amp#27;[32mEnter Order Date&amp#27;[0m                  &amp#27;[90m# step_definitions.orders.StepDefs_CreateOrder.enter_Order_Date()&amp#27;[0m
  &amp#27;[32mAnd &amp#27;[0m&amp#27;[32mClick Order Product button&amp#27;[0m        &amp#27;[90m# step_definitions.orders.StepDefs_CreateOrder.click_Order_Product_button()&amp#27;[0m
  &amp#27;[32mAnd &amp#27;[0m&amp#27;[32mClick Confirm Order&amp#27;[0m               &amp#27;[90m# step_definitions.orders.StepDefs_CreateOrder.click_Confirm_Order()&amp#27;[0m
  &amp#27;[32mThen &amp#27;[0m&amp#27;[32mVerify Order Status is Confirmed&amp#27;[0m &amp#27;[90m# step_definitions.orders.StepDefs_CreateOrder.verify_Order_Status_is_Confirmed()&amp#27;[0m
after run
]]></system-out>
    <system-err><![CDATA[Oct 04, 2023 4:03:09 AM org.openqa.selenium.remote.ProtocolHandshake createSession
INFO: Detected dialect: W3C
]]></system-err>
  </testcase>
</testsuite>