<?xml version="1.0" encoding="UTF-8"?>
<testsuite xmlns:xsi="http://www.w3.org/2001/XMLSchema-instance" xsi:noNamespaceSchemaLocation="https://maven.apache.org/surefire/maven-surefire-plugin/xsd/surefire-test-report-3.0.xsd" version="3.0" name="runner.Runner" time="44.175" tests="4" errors="0" skipped="0" failures="0">
  <properties>
[...]
</properties>
  <testcase name="Verify Customer Login functionality happy path" classname="Verify Customer Login functionality" time="17.651">
    <system-out><![CDATA[before run
login menu
Code is Done
Created new branch
after run
]]></system-out>
    <system-err><![CDATA[Sep 30, 2023 5:01:48 AM io.cucumber.core.options.CucumberPropertiesParser parse
WARNING: Passing commandline options via the property `cucumber.options` has been deprecatedin favour of explicitly using property names.
Please use these instead: [cucumber.ansi-colors.disabled, cucumber.execution.dry-run, cucumber.execution.limit, cucumber.execution.order, cucumber.execution.strict, cucumber.execution.wip, cucumber.features, cucumber.filter.name, cucumber.filter.tags, cucumber.glue, cucumber.object-factory, cucumber.plugin, cucumber.snippet-type]
Sep 30, 2023 5:01:48 AM io.cucumber.junit.Cucumber <init>
WARNING: By default Cucumber is running in --non-strict mode.
This default will change to --strict and --non-strict will be removed.
You can use --strict or @CucumberOptions(strict = true) to suppress this warning
SLF4J: No SLF4J providers were found.
SLF4J: Defaulting to no-operation (NOP) logger implementation
SLF4J: See https://www.slf4j.org/codes.html#noProviders for further details.
Sep 30, 2023 5:02:01 AM org.openqa.selenium.devtools.CdpVersionFinder findNearestMatch
WARNING: Unable to find an exact match for CDP version 117, so returning the closest version found: 116
]]></system-err>
  </testcase>
  <testcase name="Verify MicrotechNa Home Page" classname="MicrotechNa Home Page Verification" time="4.422">
    <system-out><![CDATA[before run
Logo verificatin passed
Welcome message passed
after run
]]></system-out>
    <system-err><![CDATA[Sep 30, 2023 5:02:09 AM org.openqa.selenium.devtools.CdpVersionFinder findNearestMatch
WARNING: Unable to find an exact match for CDP version 117, so returning the closest version found: 116
]]></system-err>
  </testcase>
  <testcase name="Customer Order total count Test" classname="Customer orders functionality" time="7.595">
    <system-out><![CDATA[before run
after run
]]></system-out>
    <system-err><![CDATA[Cleaning up unclosed ZipFile for archive C:\GitHub\myRepository01\src\test\resources\testData\loginData.xlsx
Cleaning up unclosed ZipFile for archive C:\GitHub\myRepository01\src\test\resources\testData\loginData.xlsx
Cleaning up unclosed ZipFile for archive C:\GitHub\myRepository01\src\test\resources\testData\loginData.xlsx
Sep 30, 2023 5:02:13 AM org.openqa.selenium.devtools.CdpVersionFinder findNearestMatch
WARNING: Unable to find an exact match for CDP version 117, so returning the closest version found: 116
]]></system-err>
  </testcase>
  <testcase name="Create Order by Customer" classname="Create Order Opearations" time="12.308">
    <system-out><![CDATA[before run
after run
]]></system-out>
    <system-err><![CDATA[Cleaning up unclosed ZipFile for archive C:\GitHub\myRepository01\src\test\resources\testData\loginData.xlsx
Sep 30, 2023 5:02:21 AM org.openqa.selenium.devtools.CdpVersionFinder findNearestMatch
WARNING: Unable to find an exact match for CDP version 117, so returning the closest version found: 116
]]></system-err>
  </testcase>
</testsuite>